<?xml version="1.0" encoding="UTF-8"?>
<testng-results skipped="0" failed="0" total="1" passed="1">
  <reporter-output>
  </reporter-output>
  <suite name="Default suite" duration-ms="26882" started-at="2017-03-13T04:18:21Z" finished-at="2017-03-13T04:18:48Z">
    <groups>
    </groups>
    <test name="Default test" duration-ms="26882" started-at="2017-03-13T04:18:21Z" finished-at="2017-03-13T04:18:48Z">
      <class name="googletest.GoogleTest">
        <test-method status="PASS" signature="sampletest()[pri:0, instance:googletest.GoogleTest@c84051]" name="sampletest" duration-ms="26853" started-at="2017-03-13T09:48:21Z" finished-at="2017-03-13T09:48:48Z">
          <reporter-output>
          </reporter-output>
        </test-method> <!-- sampletest -->
      </class> <!-- googletest.GoogleTest -->
    </test> <!-- Default test -->
  </suite> <!-- Default suite -->
</testng-results>
